# Tue Feb 25 14:17:39 2014
# Query_time: 1.087093  Lock_time: 0.001305 Rows_sent: 12  Rows_examined: 9661
use goalcoll_wrd1;
SET timestamp=1393363059;
SELECT *
  FROM
  (
  SELECT post_type, max(post_modified) AS mpmd
  FROM wp_blazegiantsposts
  WHERE post_status = 'publish'
  GROUP BY post_type
  ) AS f
  INNER JOIN wp_blazegiantsposts AS s ON s.post_type = f.post_type
  AND s.post_modified = f.mpmd
  LIMIT 1003

# Tue Feb 25 14:35:09 2014
# Query_time: 1.081924  Lock_time: 0.000206 Rows_sent: 662  Rows_examined: 9616
use goalcoll_wrd1;
SET timestamp=1393364109;
SELECT post_modified FROM wp_blazegiantsposts WHERE post_status = 'publish' ORDER BY post_modified DESC

# Tue Feb 25 14:35:09 2014
# Query_time: 1.446433  Lock_time: 0.000140 Rows_sent: 622  Rows_examined: 1244
SET timestamp=1393364109;
SELECT * FROM wp_blazegiantsposts wposts
  WHERE wposts.post_status = 'publish' AND wposts.post_type = 'page' 
  ORDER BY wposts.post_modified DESC LIMIT 0,1000

