# Fri Feb 14 14:18:06 2014
# Query_time: 1.393725  Lock_time: 0.015585 Rows_sent: 12  Rows_examined: 9652
use goalcoll_wrd1;
SET timestamp=1392412686;
SELECT *
  FROM
  (
  SELECT post_type, max(post_modified) AS mpmd
  FROM wp_blazegiantsposts
  WHERE post_status = 'publish'
  GROUP BY post_type
  ) AS f
  INNER JOIN wp_blazegiantsposts AS s ON s.post_type = f.post_type
  AND s.post_modified = f.mpmd
  LIMIT 1003

# Fri Feb 14 14:33:22 2014
# Query_time: 1.209166  Lock_time: 0.000149 Rows_sent: 660  Rows_examined: 9607
use goalcoll_wrd1;
SET timestamp=1392413602;
SELECT post_modified FROM wp_blazegiantsposts WHERE post_status = 'publish' ORDER BY post_modified DESC

