# Wed Feb  5 21:26:51 2014
# Query_time: 1.619625  Lock_time: 0.000144 Rows_sent: 29  Rows_examined: 1206
use goalcoll_wrd1;
SET timestamp=1391660811;
SELECT DISTINCT meta_value
		FROM wp_blazegiantsposts p, wp_blazegiantspostmeta pm
		WHERE p.post_status!='auto-draft' AND p.ID=pm.post_id AND pm.meta_key='_sidebar_name'
		ORDER BY pm.meta_value ASC

# Wed Feb  5 21:36:45 2014
# Query_time: 1.034607  Lock_time: 0.000105 Rows_sent: 615  Rows_examined: 1230
use goalcoll_wrd1;
SET timestamp=1391661405;
SELECT * FROM wp_blazegiantsposts  WHERE (post_type = 'page' AND post_status = 'publish')     ORDER BY menu_order,wp_blazegiantsposts.post_title ASC

# Wed Feb  5 21:40:18 2014
# Query_time: 1.061311  Lock_time: 0.011556 Rows_sent: 12  Rows_examined: 9616
use goalcoll_wrd1;
SET timestamp=1391661618;
SELECT *
  FROM
  (
  SELECT post_type, max(post_modified) AS mpmd
  FROM wp_blazegiantsposts
  WHERE post_status = 'publish'
  GROUP BY post_type
  ) AS f
  INNER JOIN wp_blazegiantsposts AS s ON s.post_type = f.post_type
  AND s.post_modified = f.mpmd
  LIMIT 1003

