# Tue Feb 18 20:20:56 2014
# Query_time: 2.334461  Lock_time: 0.066886 Rows_sent: 12  Rows_examined: 9652
use goalcoll_wrd1;
SET timestamp=1392780056;
SELECT *
  FROM
  (
  SELECT post_type, max(post_modified) AS mpmd
  FROM wp_blazegiantsposts
  WHERE post_status = 'publish'
  GROUP BY post_type
  ) AS f
  INNER JOIN wp_blazegiantsposts AS s ON s.post_type = f.post_type
  AND s.post_modified = f.mpmd
  LIMIT 1003

# Tue Feb 18 20:21:02 2014
# Query_time: 4.852295  Lock_time: 0.154302 Rows_sent: 0  Rows_examined: 1
use goalcoll_wrd1;
SET timestamp=1392780062;
UPDATE `wp_blazegiantsoptions` SET `option_value` = 'a:2:{s:3:\"log\";a:26:{i:0;a:3:{s:3:\"log\";s:67:\"Successfully served a cached version of <em>sitemapindex.xml</em>. \";s:4:\"time\";d:1392136632;s:5:\"error\";b:0;}i:1;a:3:{s:3:\"log\";s:73:\"Successfully generated <em>site.xml</em> using module <em>site.php</em>. \";s:4:\"time\";d:1392180750;s:5:\"error\";b:0;}i:2;a:3:{s:3:\"log\";s:73:\"Successfully generated <em>post.xml</em> using module <em>post.php</em>. \";s:4:\"time\";d:1392189123;s:5:\"error\";b:0;}i:3;a:3:{s:3:\"log\";s:73:\"Successfully generated <em>page.xml</em> using module <em>page.php</em>. \";s:4:\"time\";d:1392236692;s:5:\"error\";b:0;}i:4;a:3:{s:3:\"log\";s:89:\"Successfully generated <em>sitemapindex.xml</em> using module <em>sitemapindex.php</em>. \";s:4:\"time\";d:1392316156;s:5:\"error\";b:0;}i:5;a:3:{s:3:\"log\";s:89:\"Successfully generated <em>sitemapindex.xml</em> using module <em>sitemapindex.php</em>. \";s:4:\"time\";d:1392342196;s:5:\"error\";b:0;}i:6;a:3:{s:3:\"log\";s:89:\"Successfully generated <em>sitemapindex.xml</em> using module <em>sitemapindex.php</em>. \";s:4:\"time\";d:1392394686;s:5:\"error\";b:0;}i:7;a:3:{s:3:\"log\";s:73:\"Successfully generated <em>page.xml</em> using module <em>page.php</em>. \";s:4:\"time\";d:1392395605;s:5:\"error\";b:0;}i:8;a:3:{s:3:\"log\";s:73:\"Successfully generated <em>page.xml</em> using module <em>page.php</em>. \";s:4:\"time\";d:1392407816;s:5:\"error\";b:0;}i:9;a:3:{s:3:\"log\";s:177:\"Sub-module file: <strong>taxonomy_category.php</strong> is not available in both default and custom module directory. The plugin will now try loading the parent module instead. \";s:4:\"time\";d:1392450103;s:5:\"error\";s:6:\"notice\";}i:10;a:3:{s:3:\"log\";s:90:\"Successfully generated <em>taxonomy_category.xml</em> using module <em>taxonomy.php</em>. \";s:4:\"time\";d:1392450103;s:5:\"error\";b:0;}i:11;a:3:{s:3:\"log\";s:89:\"Successfully generated <em>sitemapindex.xml</em> using module <em>sitemapindex.php</em>. \";s:4:\"time\";d:1392451713;s:5:\"error\";b:0;}i:12;a:3:{s:3:\"log\";s:73:\"Successfully generated <em>post.xml</em> using module <em>post.php</em>. \";s:4:\"time\";d:1392458035;s:5:\"error\";b:0;}i:13;a:3:{s:3:\"log\";s:73:\"Successfully generated <em>site.xml</em> using module <em>site.php</em>. \";s:4:\"time\";d:1392460852;s:5:\"error\";b:0;}i:14;a:3:{s:3:\"log\";s:73:\"Successfully generated <em>site.xml</em> using module <em>site.php</em>. \";s:4:\"time\";d:1392522014;s:5:\"error\";b:0;}i:15;a:3:{s:3:\"log\";s:89:\"Successfully generated <em>sitemapindex.xml</em> using module <em>sitemapindex.php</em>. \";s:4:\"time\";d:1392531456;s:5:\"error\";b:0;}i:16;a:3:{s:3:\"log\";s:73:\"Successfully generated <em>post.xml</em> using module <em>post.php</em>. \";s:4:\"time\";d:1392533824;s:5:\"error\";b:0;}i:17;a:3:{s:3:\"log\";s:73:\"Successfully generated <em>site.xml</em> using module <em>site.php</em>. \";s:4:\"time\";d:1392627838;s:5:\"error\";b:0;}i:18;a:3:{s:3:\"log\";s:73:\"Successfully generated <em>page.xml</em> using module <em>page.php</em>. \";s:4:\"time\";d:1392700653;s:5:\"error\";b:0;}i:19;a:3:{s:3:\"log\";s:73:\"Successfully generated <em>page.xml</em> using module <em>page.php</em>. \";s:4:\"time\";d:1392719064;s:5:\"error\";b:0;}i:20;a:3:{s:3:\"log\";s:89:\"Successfully generated <em>sitemapindex.xml</em> using module <em>sitemapindex.php</em>. \";s:4:\"time\";d:1392740326;s:5:\"error\";b:0;}i:21;a:3:{s:3:\"log\";s:73:\"Successfully generated <em>page.xml</em> using module <em>page.php</em>. \";s:4:\"time\";d:1392741107;s:5:\"error\";b:0;}i:22;a:3:{s:3:\"log\";s:177:\"Sub-module file: <strong>taxonomy_category.php</strong> is not available in both default and custom module directory. The plugin will now try loading the parent module instead. \";s:4:\"time\";d:1392751184;s:5:\"error\";s:6:\"notice\";}i:23;a:3:{s:3:\"log\";s:90:\"Successfully generated <em>taxonomy_category.xml</em> using module <em>taxonomy.php</em>. \";s:4:\"time\";d:1392751184;s:5:\"error\";b:0;}i:24;a:3:{s:3:\"log\";s:72:\"Successfully served a cached version of <em>taxonomy_category.xml</em>. \";s:4:\"time\";d:1392753266;s:5:\"error\";b:0;}i:25;a:3:{s:3:\"log\";s:89:\"Successfully generated <em>sitemapindex.xml</em> using module <em>sitemapindex.php</em>. \";s:4:\"time\";d:1392762057;s:5:\"error\";b:0;}}s:7:\"sitemap\";a:6:{s:4:\"post\";a:2:{s:4:\"time\";d:1392533824;s:3:\"url\";s:4:\"post\";}s:4:\"page\";a:2:{s:4:\"time\";d:1392741107;s:3:\"url\";s:4:\"page\";}s:12:\"sitemapindex\";a:2:{s:4:\"time\";d:1392762057;s:3:\"url\";s:12:\"sitemapindex\";}s:4:\"site\";a:2:{s:4:\"time\";d:1392627838;s:3:\"url\";s:4:\"site\";}s:17:\"taxonomy_category\";a:2:{s:4:\"time\";d:1392751184;s:3:\"url\";s:17:\"taxonomy_category\";}s:17:\"post_landing-page\";a:2:{s:4:\"time\";d:1357998883;s:3:\"url\";s:17:\"post_landing-page\";}}}' WHERE `option_name` = 'bwp_gxs_log'

