# Thu Feb  6 03:01:21 2014
# Query_time: 1.157535  Lock_time: 0.013027 Rows_sent: 655  Rows_examined: 9574
use goalcoll_wrd1;
SET timestamp=1391680881;
SELECT post_modified FROM wp_blazegiantsposts WHERE post_status = 'publish' ORDER BY post_modified DESC

# Thu Feb  6 03:49:21 2014
# Query_time: 1.372203  Lock_time: 0.016240 Rows_sent: 12  Rows_examined: 9616
use goalcoll_wrd1;
SET timestamp=1391683761;
SELECT *
  FROM
  (
  SELECT post_type, max(post_modified) AS mpmd
  FROM wp_blazegiantsposts
  WHERE post_status = 'publish'
  GROUP BY post_type
  ) AS f
  INNER JOIN wp_blazegiantsposts AS s ON s.post_type = f.post_type
  AND s.post_modified = f.mpmd
  LIMIT 1003

